<?xml version="1.0" encoding="UTF-8"?>
<!-- Generated by org.testng.reporters.JUnitXMLReporter -->
<testsuite hostname="TAHA-PC" ignored="0" tests="12" failures="0" timestamp="25 Dec 2021 08:23:22 GMT" time="97.293" errors="0">
  <testcase name="openSite" time="26.315" classname="EmailTesting"/>
  <testcase name="logIn" time="4.783" classname="EmailTesting"/>
  <testcase name="composeClick" time="7.23" classname="EmailTesting"/>
  <testcase name="sendMail" time="9.633" classname="EmailTesting"/>
  <testcase name="sendWithCC" time="5.597" classname="EmailTesting"/>
  <testcase name="sendWithAttachmentFromDrive" time="14.045" classname="EmailTesting"/>
  <testcase name="sendWithEmoji" time="6.145" classname="EmailTesting"/>
  <testcase name="sendWithoutRecipient" time="5.125" classname="EmailTesting"/>
  <testcase name="sendWithoutSubject" time="4.997" classname="EmailTesting"/>
  <testcase name="sendWithoutBody" time="5.008" classname="EmailTesting"/>
  <testcase name="discardDraft" time="4.919" classname="EmailTesting"/>
  <testcase name="sendMailLater" time="3.461" classname="EmailTesting"/>
</testsuite>
